0 info it worked if it ends with ok
1 verbose cli [ '/usr/local/bin/node', '/usr/local/bin/npm', 'run', 'start' ]
2 info using npm@3.3.8
3 info using node@v4.1.2
4 verbose run-script [ 'prestart', 'start', 'poststart' ]
5 info lifecycle PeopleManager@1.0.0~prestart: PeopleManager@1.0.0
6 silly lifecycle PeopleManager@1.0.0~prestart: no script for prestart, continuing
7 info lifecycle PeopleManager@1.0.0~start: PeopleManager@1.0.0
8 verbose lifecycle PeopleManager@1.0.0~start: unsafe-perm in lifecycle true
9 verbose lifecycle PeopleManager@1.0.0~start: PATH: /usr/local/lib/node_modules/npm/bin/node-gyp-bin:/Users/scott/Sites/02_Projects/01_Current/people-manger/node_modules/.bin:/usr/local/lib/node_modules/npm/bin/node-gyp-bin:/Users/scott/Sites/02_Projects/01_Current/people-manger/node_modules/.bin:/usr/local/bin:/usr/bin:/bin:/usr/sbin:/sbin:/usr/local/heroku/bin:/Users/ScottWilliams/.rvm/gems/ruby-1.9.3-p362/bin:/Users/ScottWilliams/.rvm/gems/ruby-1.9.3-p362@global/bin:/Users/ScottWilliams/.rvm/rubies/ruby-1.9.3-p362/bin:/Users/ScottWilliams/.rvm/bin:/usr/local/bin:/usr/bin:/bin:/usr/sbin:/sbin:/usr/local/bin:/Users/ScottWilliams/android-sdk-mac/tools
10 verbose lifecycle PeopleManager@1.0.0~start: CWD: /Users/scott/Sites/02_Projects/01_Current/people-manger
11 silly lifecycle PeopleManager@1.0.0~start: Args: [ '-c', 'NODE_PATH=$NODE_PATH:./shared node --harmony .' ]
12 silly lifecycle PeopleManager@1.0.0~start: Returned: code: 1  signal: null
13 info lifecycle PeopleManager@1.0.0~start: Failed to exec start script
14 verbose stack Error: PeopleManager@1.0.0 start: `NODE_PATH=$NODE_PATH:./shared node --harmony .`
14 verbose stack Exit status 1
14 verbose stack     at EventEmitter.<anonymous> (/usr/local/lib/node_modules/npm/lib/utils/lifecycle.js:233:16)
14 verbose stack     at emitTwo (events.js:87:13)
14 verbose stack     at EventEmitter.emit (events.js:172:7)
14 verbose stack     at ChildProcess.<anonymous> (/usr/local/lib/node_modules/npm/lib/utils/spawn.js:24:14)
14 verbose stack     at emitTwo (events.js:87:13)
14 verbose stack     at ChildProcess.emit (events.js:172:7)
14 verbose stack     at maybeClose (internal/child_process.js:818:16)
14 verbose stack     at Process.ChildProcess._handle.onexit (internal/child_process.js:211:5)
15 verbose pkgid PeopleManager@1.0.0
16 verbose cwd /Users/scott/Sites/02_Projects/01_Current/people-manger
17 error Darwin 15.4.0
18 error argv "/usr/local/bin/node" "/usr/local/bin/npm" "run" "start"
19 error node v4.1.2
20 error npm  v3.3.8
21 error code ELIFECYCLE
22 error PeopleManager@1.0.0 start: `NODE_PATH=$NODE_PATH:./shared node --harmony .`
22 error Exit status 1
23 error Failed at the PeopleManager@1.0.0 start script 'NODE_PATH=$NODE_PATH:./shared node --harmony .'.
23 error This is most likely a problem with the PeopleManager package,
23 error not with npm itself.
23 error Tell the author that this fails on your system:
23 error     NODE_PATH=$NODE_PATH:./shared node --harmony .
23 error You can get their info via:
23 error     npm owner ls PeopleManager
23 error There is likely additional logging output above.
24 verbose exit [ 1, true ]
